TN:
SF:src/core.js
FN:3,(anonymous_0)
FN:14,(anonymous_1)
FN:17,(anonymous_2)
FN:21,(anonymous_3)
FN:28,(anonymous_4)
FN:31,(anonymous_5)
FN:34,(anonymous_6)
FN:40,(anonymous_7)
FN:42,(anonymous_8)
FN:50,(anonymous_9)
FN:52,(anonymous_10)
FN:102,(anonymous_11)
FN:104,(anonymous_12)
FN:112,(anonymous_13)
FN:114,(anonymous_14)
FN:128,(anonymous_15)
FN:146,(anonymous_16)
FN:155,(anonymous_17)
FN:161,(anonymous_18)
FN:172,(anonymous_19)
FN:194,(anonymous_20)
FNF:21
FNH:21
FNDA:54,(anonymous_0)
FNDA:8,(anonymous_1)
FNDA:39,(anonymous_2)
FNDA:31,(anonymous_3)
FNDA:78,(anonymous_4)
FNDA:83,(anonymous_5)
FNDA:83,(anonymous_6)
FNDA:210,(anonymous_7)
FNDA:536,(anonymous_8)
FNDA:1822,(anonymous_9)
FNDA:116,(anonymous_10)
FNDA:3339,(anonymous_11)
FNDA:1646,(anonymous_12)
FNDA:37,(anonymous_13)
FNDA:108,(anonymous_14)
FNDA:16,(anonymous_15)
FNDA:1128,(anonymous_16)
FNDA:282,(anonymous_17)
FNDA:293,(anonymous_18)
FNDA:120,(anonymous_19)
FNDA:15,(anonymous_20)
DA:1,26
DA:3,26
DA:4,54
DA:5,54
DA:6,73
DA:8,33
DA:10,54
DA:14,26
DA:15,8
DA:16,8
DA:17,39
DA:22,31
DA:24,8
DA:27,26
DA:28,78
DA:31,26
DA:32,83
DA:34,26
DA:35,83
DA:36,2
DA:38,81
DA:40,210
DA:42,26
DA:43,536
DA:44,536
DA:45,545
DA:47,536
DA:50,26
DA:51,1822
DA:52,1822
DA:53,116
DA:54,116
DA:55,116
DA:57,116
DA:58,264
DA:59,202
DA:60,202
DA:61,202
DA:63,202
DA:64,54
DA:67,54
DA:68,37
DA:72,37
DA:76,37
DA:78,17
DA:79,16
DA:83,16
DA:85,17
DA:88,148
DA:92,116
DA:93,8
DA:96,116
DA:98,1822
DA:99,1822
DA:100,1822
DA:102,3339
DA:103,1822
DA:104,128
DA:105,1646
DA:109,1822
DA:112,26
DA:113,37
DA:114,37
DA:115,108
DA:116,108
DA:117,108
DA:118,37
DA:120,71
DA:125,37
DA:128,26
DA:129,16
DA:130,16
DA:131,39
DA:132,39
DA:133,39
DA:134,39
DA:135,12
DA:137,27
DA:138,27
DA:143,16
DA:146,26
DA:153,1128
DA:155,1128
DA:156,282
DA:157,282
DA:158,10
DA:161,272
DA:162,293
DA:163,293
DA:166,1128
DA:167,1128
DA:168,1128
DA:172,26
DA:173,120
DA:176,120
DA:177,1128
DA:178,1128
DA:180,396
DA:184,732
DA:185,4
DA:187,728
DA:191,120
DA:194,26
DA:195,15
DA:197,15
DA:198,54
DA:200,54
DA:201,54
DA:205,15
LF:109
LH:109
BRDA:6,0,0,40
BRDA:6,0,1,33
BRDA:6,1,0,73
BRDA:6,1,1,64
BRDA:35,2,0,2
BRDA:35,2,1,81
BRDA:35,3,0,83
BRDA:35,3,1,83
BRDA:43,4,0,344
BRDA:43,4,1,192
BRDA:43,5,0,536
BRDA:43,5,1,486
BRDA:45,6,0,315
BRDA:45,6,1,230
BRDA:47,7,0,289
BRDA:47,7,1,247
BRDA:55,8,0,116
BRDA:55,8,1,49
BRDA:58,9,0,62
BRDA:58,9,1,202
BRDA:63,10,0,54
BRDA:63,10,1,148
BRDA:65,11,0,54
BRDA:65,11,1,38
BRDA:65,11,2,32
BRDA:67,12,0,37
BRDA:67,12,1,17
BRDA:68,13,0,37
BRDA:68,13,1,32
BRDA:68,13,2,19
BRDA:78,14,0,16
BRDA:78,14,1,1
BRDA:92,15,0,8
BRDA:92,15,1,108
BRDA:103,16,0,128
BRDA:103,16,1,1694
BRDA:117,17,0,37
BRDA:117,17,1,71
BRDA:134,18,0,12
BRDA:134,18,1,27
BRDA:150,19,0,992
BRDA:153,20,0,1128
BRDA:153,20,1,1027
BRDA:157,21,0,10
BRDA:157,21,1,272
BRDA:172,22,0,1
BRDA:178,23,0,396
BRDA:178,23,1,732
BRDA:184,24,0,4
BRDA:184,24,1,728
BRDA:200,25,0,54
BRDA:200,25,1,0
BRDA:200,26,0,54
BRDA:200,26,1,54
BRF:54
BRH:53
end_of_record
TN:
SF:src/css.js
FN:2,(anonymous_0)
FN:10,(anonymous_1)
FN:117,(anonymous_2)
FN:140,(anonymous_3)
FN:148,(anonymous_4)
FN:151,(anonymous_5)
FN:163,(anonymous_6)
FN:185,(anonymous_7)
FN:185,(anonymous_8)
FN:241,(anonymous_9)
FN:241,(anonymous_10)
FNF:11
FNH:11
FNDA:762,(anonymous_0)
FNDA:30,(anonymous_1)
FNDA:12,(anonymous_2)
FNDA:110,(anonymous_3)
FNDA:163,(anonymous_4)
FNDA:163,(anonymous_5)
FNDA:57,(anonymous_6)
FNDA:57,(anonymous_7)
FNDA:57,(anonymous_8)
FNDA:58,(anonymous_9)
FNDA:57,(anonymous_10)
DA:2,10
DA:3,762
DA:4,762
DA:5,768
DA:7,762
DA:10,30
DA:12,10
DA:17,10
DA:35,10
DA:43,10
DA:117,10
DA:118,12
DA:119,6
DA:121,6
DA:122,6
DA:123,6
DA:124,6
DA:127,10
DA:141,110
DA:142,110
DA:148,10
DA:149,163
DA:151,10
DA:152,163
DA:153,28
DA:155,135
DA:163,10
DA:172,57
DA:176,57
DA:177,57
DA:179,57
DA:180,163
DA:182,57
DA:185,57
DA:186,57
DA:187,57
DA:188,57
DA:190,57
DA:192,125
DA:194,125
DA:195,125
DA:196,114
DA:198,114
DA:201,8
DA:203,8
DA:204,14
DA:207,14
DA:208,9
DA:210,5
DA:213,5
DA:214,5
DA:217,8
DA:219,3
DA:222,114
DA:225,11
DA:226,11
DA:227,28
DA:228,28
DA:229,25
DA:230,11
DA:231,11
DA:233,14
DA:234,14
DA:238,57
DA:241,58
DA:242,57
DA:243,57
DA:244,57
DA:245,57
DA:247,57
DA:248,141
DA:249,141
DA:251,141
DA:252,3
DA:253,3
DA:254,3
DA:257,138
DA:258,21
DA:259,21
DA:262,117
DA:263,117
DA:264,117
DA:265,117
DA:266,117
DA:268,117
DA:269,10
DA:271,10
DA:272,20
DA:275,107
DA:279,57
LF:90
LH:90
BRDA:3,0,0,703
BRDA:3,0,1,59
BRDA:3,1,0,762
BRDA:3,1,1,758
BRDA:5,2,0,765
BRDA:5,2,1,3
BRDA:7,3,0,444
BRDA:7,3,1,318
BRDA:118,4,0,6
BRDA:118,4,1,6
BRDA:118,5,0,12
BRDA:118,5,1,11
BRDA:123,6,0,0
BRDA:123,6,1,6
BRDA:152,7,0,28
BRDA:152,7,1,135
BRDA:152,8,0,163
BRDA:152,8,1,163
BRDA:172,9,0,6
BRDA:172,9,1,51
BRDA:192,10,0,2
BRDA:192,10,1,123
BRDA:194,11,0,0
BRDA:194,11,1,125
BRDA:195,12,0,114
BRDA:195,12,1,11
BRDA:198,13,0,8
BRDA:198,13,1,106
BRDA:198,14,0,114
BRDA:198,14,1,114
BRDA:207,15,0,9
BRDA:207,15,1,5
BRDA:213,16,0,5
BRDA:213,16,1,4
BRDA:217,17,0,3
BRDA:217,17,1,5
BRDA:228,18,0,3
BRDA:228,18,1,25
BRDA:229,19,0,11
BRDA:229,19,1,14
BRDA:233,20,0,14
BRDA:233,20,1,12
BRDA:241,21,0,8
BRDA:242,22,0,57
BRDA:242,22,1,53
BRDA:244,23,0,1
BRDA:244,23,1,56
BRDA:249,24,0,0
BRDA:249,24,1,141
BRDA:251,25,0,3
BRDA:251,25,1,138
BRDA:257,26,0,21
BRDA:257,26,1,117
BRDA:257,27,0,138
BRDA:257,27,1,135
BRDA:268,28,0,10
BRDA:268,28,1,107
BRF:57
BRH:54
end_of_record
TN:
SF:src/prop-types.js
FN:25,(anonymous_0)
FN:26,(anonymous_1)
FNF:2
FNH:2
FNDA:104,(anonymous_0)
FNDA:984,(anonymous_1)
DA:18,8
DA:25,8
DA:26,104
DA:27,984
DA:28,984
LF:5
LH:5
BRF:0
BRH:0
end_of_record
TN:
SF:src/props.js
FN:36,(anonymous_0)
FN:45,(anonymous_1)
FNF:2
FNH:2
FNDA:1,(anonymous_0)
FNDA:1,(anonymous_1)
DA:18,1
DA:34,1
DA:36,1
DA:37,1
DA:38,1
DA:39,5
DA:40,2
DA:42,1
DA:45,1
DA:46,1
DA:47,1
DA:48,5
DA:49,3
DA:51,1
LF:14
LH:14
BRDA:39,0,0,3
BRDA:39,0,1,2
BRDA:48,1,0,2
BRDA:48,1,1,3
BRF:4
BRH:4
end_of_record
TN:
SF:src/should-forward-prop.js
FN:39,(anonymous_0)
FN:41,(anonymous_1)
FNF:2
FNH:2
FNDA:1,(anonymous_0)
FNDA:124,(anonymous_1)
DA:21,1
DA:37,1
DA:39,1
DA:40,1
DA:41,124
LF:5
LH:5
BRDA:41,0,0,124
BRDA:41,0,1,14
BRF:2
BRH:2
end_of_record
TN:
SF:src/styled-system.js
FNF:0
FNH:0
DA:58,8
DA:59,8
DA:68,8
DA:84,8
DA:98,8
DA:108,8
DA:114,8
DA:115,8
LF:8
LH:8
BRF:0
BRH:0
end_of_record
TN:
SF:src/theme-get.js
FN:3,(anonymous_0)
FN:3,(anonymous_1)
FNF:2
FNH:2
FNDA:3,(anonymous_0)
FNDA:3,(anonymous_1)
DA:3,3
DA:4,3
LF:2
LH:2
BRDA:3,0,0,2
BRF:1
BRH:1
end_of_record
TN:
SF:src/variant.js
FN:4,(anonymous_0)
FN:14,(anonymous_1)
FN:16,(anonymous_2)
FNF:3
FNH:3
FNDA:37,(anonymous_0)
FNDA:8,(anonymous_1)
FNDA:5,(anonymous_2)
DA:4,9
DA:13,37
DA:14,8
DA:16,30
DA:18,37
DA:19,37
DA:20,37
DA:27,9
DA:28,9
DA:29,9
LF:10
LH:10
BRDA:6,0,0,17
BRDA:8,1,0,30
BRDA:13,2,0,7
BRDA:13,2,1,30
BRDA:18,3,0,37
BRDA:18,3,1,36
BRF:6
BRH:6
end_of_record
TN:
SF:src/backwards-compat-tests/styled-system/legacy.js
FN:4,(anonymous_0)
FNF:1
FNH:1
FNDA:4,(anonymous_0)
DA:4,1
DA:14,4
DA:15,4
DA:22,4
DA:23,4
DA:25,4
LF:6
LH:6
BRDA:17,0,0,4
BRDA:17,0,1,4
BRDA:22,1,0,1
BRDA:22,1,1,3
BRF:4
BRH:4
end_of_record
TN:
SF:src/parsers/background.js
FNF:0
FNH:0
DA:3,10
DA:4,10
DA:5,10
DA:6,10
DA:8,10
LF:5
LH:5
BRF:0
BRH:0
end_of_record
TN:
SF:src/parsers/border.js
FNF:0
FNH:0
DA:3,9
LF:1
LH:1
BRF:0
BRH:0
end_of_record
TN:
SF:src/parsers/color.js
FNF:0
FNH:0
DA:3,9
DA:8,9
LF:2
LH:2
BRF:0
BRH:0
end_of_record
TN:
SF:src/parsers/flexbox.js
FNF:0
FNH:0
DA:3,9
LF:1
LH:1
BRF:0
BRH:0
end_of_record
TN:
SF:src/parsers/grid.js
FNF:0
FNH:0
DA:3,9
DA:5,9
LF:2
LH:2
BRF:0
BRH:0
end_of_record
TN:
SF:src/parsers/layout.js
FN:3,(anonymous_0)
FN:4,(anonymous_1)
FNF:2
FNH:2
FNDA:23,(anonymous_0)
FNDA:23,(anonymous_1)
DA:3,23
DA:4,9
DA:5,23
DA:7,9
LF:4
LH:4
BRDA:3,0,0,23
BRDA:3,0,1,11
BRDA:5,1,0,13
BRDA:5,1,1,10
BRDA:5,2,0,23
BRDA:5,2,1,11
BRF:6
BRH:6
end_of_record
TN:
SF:src/parsers/position.js
FNF:0
FNH:0
DA:3,9
DA:5,9
LF:2
LH:2
BRF:0
BRH:0
end_of_record
TN:
SF:src/parsers/shadow.js
FNF:0
FNH:0
DA:3,9
LF:1
LH:1
BRF:0
BRH:0
end_of_record
TN:
SF:src/parsers/space.js
FN:5,(anonymous_0)
FN:7,(anonymous_1)
FNF:2
FNH:2
FNDA:89,(anonymous_0)
FNDA:47,(anonymous_1)
DA:3,9
DA:5,89
DA:7,9
DA:8,47
DA:9,5
DA:12,42
DA:13,42
DA:14,42
DA:15,42
DA:16,2
DA:18,40
DA:21,9
DA:28,9
DA:35,9
DA:42,9
DA:49,9
DA:56,9
DA:63,9
DA:70,9
DA:76,9
DA:82,9
DA:88,9
DA:94,9
DA:100,9
DA:106,9
DA:112,9
DA:129,9
DA:146,9
LF:28
LH:28
BRDA:5,0,0,89
BRDA:5,0,1,82
BRDA:8,1,0,5
BRDA:8,1,1,42
BRDA:15,2,0,2
BRDA:15,2,1,40
BRDA:16,3,0,1
BRDA:16,3,1,1
BRDA:18,4,0,2
BRDA:18,4,1,38
BRF:10
BRH:10
end_of_record
TN:
SF:src/parsers/typography.js
FNF:0
FNH:0
DA:3,9
DA:5,9
LF:2
LH:2
BRF:0
BRH:0
end_of_record
